Log file open, 06/05/17 20:38:01
LogInit:Display: Running engine for game: TheWalkingDeadPro
LogPlatformFile: Not using cached read wrapper
LogInit:Display: RandInit(141167951) SRandInit(141167951).
LogTaskGraph: Started task graph with 5 named threads and 8 total threads with 1 sets of task threads.
LogStats: Stats thread started at 0.088806
LogInit: Using libcurl 7.47.1
LogInit:  - built for x86_64-pc-win32
LogInit:  - supports SSL with OpenSSL/1.0.2g
LogInit:  - supports HTTP deflate (compression) using libz 1.2.8
LogInit:  - other features:
LogInit:      CURL_VERSION_SSL
LogInit:      CURL_VERSION_LIBZ
LogInit:      CURL_VERSION_IPV6
LogInit:      CURL_VERSION_ASYNCHDNS
LogInit:      CURL_VERSION_LARGEFILE
LogInit:      CURL_VERSION_IDN
LogInit:  CurlRequestOptions (configurable via config and command line):
LogInit:  - bVerifyPeer = false  - Libcurl will NOT verify peer certificate
LogInit:  - bUseHttpProxy = false  - Libcurl will NOT use HTTP proxy
LogInit:  - bDontReuseConnections = false  - Libcurl will reuse connections
LogInit:  - CertBundlePath = nullptr  - Libcurl will use whatever was configured at build time.
LogInit: Build: ++UE4+Release-4.16-CL-3452394
LogInit: Engine Version: 4.16.0-3452394+++UE4+Release-4.16
LogInit: Compatible Engine Version: 4.16.0-3452394+++UE4+Release-4.16
LogInit: Net CL: 3452394
LogDevObjectVersion: Number of dev versions registered: 16
LogDevObjectVersion:   Dev-Blueprints (B0D832E4-1F89-4F0D-ACCF-7EB736FD4AA2): 9
LogDevObjectVersion:   Dev-Build (E1C64328-A22C-4D53-A36C-8E866417BD8C): 0
LogDevObjectVersion:   Dev-Core (375EC13C-06E4-48FB-B500-84F0262A717E): 2
LogDevObjectVersion:   Dev-Editor (E4B068ED-F494-42E9-A231-DA0B2E46BB41): 17
LogDevObjectVersion:   Dev-Framework (CFFC743F-43B0-4480-9391-14DF171D2073): 23
LogDevObjectVersion:   Dev-Mobile (B02B49B5-BB20-44E9-A304-32B752E40360): 0
LogDevObjectVersion:   Dev-Networking (A4E4105C-59A1-49B5-A7C5-40C4547EDFEE): 0
LogDevObjectVersion:   Dev-Online (39C831C9-5AE6-47DC-9A44-9C173E1C8E7C): 0
LogDevObjectVersion:   Dev-Physics (78F01B33-EBEA-4F98-B9B4-84EACCB95AA2): 0
LogDevObjectVersion:   Dev-Platform (6631380F-2D4D-43E0-8009-CF276956A95A): 0
LogDevObjectVersion:   Dev-Rendering (12F88B9F-8875-4AFC-A67C-D90C383ABD29): 15
LogDevObjectVersion:   Dev-Sequencer (7B5AE74C-D270-4C10-A958-57980B212A5A): 4
LogDevObjectVersion:   Dev-VR (D7296918-1DD6-4BDD-9DE2-64A83CC13884): 0
LogDevObjectVersion:   Dev-LoadTimes (C2A15278-BFE7-4AFE-6C17-90FF531DF755): 1
LogDevObjectVersion:   Private-Geometry (6EACA3D4-40EC-4CC1-B786-8BED09428FC5): 1
LogDevObjectVersion:   Dev-AnimPhys (29E575DD-E0A3-4627-9D10-D276232CDCEA): 3
LogInit: Compiled (64-bit): May 22 2017 17:47:00
LogInit: Compiled with Visual C++: 19.00.23026.00
LogInit: Build Configuration: Development
LogInit: Branch Name: ++UE4+Release-4.16
LogInit: Command line: 
LogInit: Base directory: C:/Program Files (x86)/Epic Games/UE_4.16/Engine/Binaries/Win64/
LogInit: Installed Engine Build: 1
LogInit: Presizing for max 8388607 objects, including 0 objects not considered by GC, pre-allocating 0 bytes for permanent pool.
LogInit: Object subsystem initialized
[2017.06.05-18.38.02:478][  0]LogInit: Selected Device Profile: [Windows]
[2017.06.05-18.38.02:478][  0]LogInit: Applying CVar settings loaded from the selected device profile: [Windows]
[2017.06.05-18.38.02:500][  0]LogInit: Computer: ALIENWARE
[2017.06.05-18.38.02:500][  0]LogInit: User: bilal
[2017.06.05-18.38.02:500][  0]LogInit: CPU Page size=4096, Cores=4
[2017.06.05-18.38.02:500][  0]LogInit: High frequency timer resolution =2.648440 MHz
[2017.06.05-18.38.02:500][  0]LogMemory: Memory total: Physical=31.9GB (32GB approx)
[2017.06.05-18.38.02:500][  0]LogMemory: Platform Memory Stats for Windows
[2017.06.05-18.38.02:500][  0]LogMemory: Process Physical Memory: 274.26 MB used, 274.26 MB peak
[2017.06.05-18.38.02:500][  0]LogMemory: Process Virtual Memory: 260.80 MB used, 260.80 MB peak
[2017.06.05-18.38.02:500][  0]LogMemory: Physical Memory: 10265.34 MB used,  22370.08 MB free, 32635.41 MB total
[2017.06.05-18.38.02:500][  0]LogMemory: Virtual Memory: 646.60 MB used,  22370.08 MB free, 134217728.00 MB total
[2017.06.05-18.38.02:572][  0]LogInit: Using OS detected language (en-US).
[2017.06.05-18.38.02:572][  0]LogInit: Using OS detected locale (en-US).
[2017.06.05-18.38.02:577][  0]LogTextLocalizationManager: No specific localization for 'en-US' exists, so the 'en' localization will be used.
[2017.06.05-18.38.03:898][  0]LogD3D11RHI: D3D11 adapters:
[2017.06.05-18.38.04:623][  0]LogD3D11RHI:    0. 'NVIDIA GeForce GTX 980M' (Feature Level 11_0)
[2017.06.05-18.38.04:623][  0]LogD3D11RHI:       8153/0/16317 MB DedicatedVideo/DedicatedSystem/SharedSystem, Outputs:1, VendorId:0x10de
[2017.06.05-18.38.04:635][  0]LogD3D11RHI:    1. 'Intel(R) HD Graphics 530' (Feature Level 11_0)
[2017.06.05-18.38.04:635][  0]LogD3D11RHI:       128/0/16317 MB DedicatedVideo/DedicatedSystem/SharedSystem, Outputs:0, VendorId:0x8086
[2017.06.05-18.38.04:639][  0]LogD3D11RHI:    2. 'Microsoft Basic Render Driver' (Feature Level 11_0)
[2017.06.05-18.38.04:639][  0]LogD3D11RHI:       0/0/16317 MB DedicatedVideo/DedicatedSystem/SharedSystem, Outputs:0, VendorId:0x1414
[2017.06.05-18.38.04:639][  0]LogD3D11RHI: Chosen D3D11 Adapter: 0
[2017.06.05-18.38.04:646][  0]LogD3D11RHI: Creating new Direct3DDevice
[2017.06.05-18.38.04:646][  0]LogD3D11RHI:     GPU DeviceId: 0x13d7 (for the marketing name, search the web for "GPU Device Id")
[2017.06.05-18.38.04:646][  0]LogWindows: EnumDisplayDevices:
[2017.06.05-18.38.04:646][  0]LogWindows:    0. 'Intel(R) HD Graphics 530' (P:1 D:1)
[2017.06.05-18.38.04:646][  0]LogWindows:    1. 'Intel(R) HD Graphics 530' (P:0 D:0)
[2017.06.05-18.38.04:646][  0]LogWindows:    2. 'Intel(R) HD Graphics 530' (P:0 D:0)
[2017.06.05-18.38.04:646][  0]LogWindows:    3. 'NVIDIA GeForce GTX 980M' (P:0 D:0)
[2017.06.05-18.38.04:647][  0]LogWindows: DebugString: PrimaryIsNotTheChoosenAdapter PrimaryIsNotTheChoosenAdapter PrimaryIsNotTheChoosenAdapter 
[2017.06.05-18.38.04:647][  0]LogD3D11RHI:     Adapter Name: NVIDIA GeForce GTX 980M
[2017.06.05-18.38.04:647][  0]LogD3D11RHI:   Driver Version: 382.05 (internal:22.21.13.8205, unified:382.05)
[2017.06.05-18.38.04:647][  0]LogD3D11RHI:      Driver Date: 5-1-2017
[2017.06.05-18.38.04:647][  0]LogRHI: Texture pool is 1361 MB (70% of 1945 MB)
[2017.06.05-18.38.05:641][  0]LogD3D11RHI: Async texture creation enabled
[2017.06.05-18.38.05:850][  0]LogD3D11RHI: GPU Timing Frequency: 1000.000000 (Debug: 2 1)
[2017.06.05-18.38.05:851][  0]LogShaderCompilers: Guid format shader working directory is -52 characters bigger than the processId version (../../../../../../Users/bilal/Documents/Unreal Projects/The_Walking_Dead_Project/TheWalkingDeadPro/Intermediate/Shaders/WorkingDirectory/7544/).
[2017.06.05-18.38.05:852][  0]LogShaderCompilers: Cleaned the shader compiler working directory 'C:/Users/bilal/AppData/Local/Temp/UnrealShaderWorkingDir/83E7D8D2493F75B59B318EA06F2CEDA0/'.
[2017.06.05-18.38.05:852][  0]LogShaderCompilers:Display: Using Local Shader Compiler.
[2017.06.05-18.38.07:330][  0]LogTemp:Display: Loaded TP AllDesktopTargetPlatform
[2017.06.05-18.38.07:404][  0]LogTemp:Display: Loaded TP MacClientTargetPlatform
[2017.06.05-18.38.07:531][  0]LogTemp:Display: Loaded TP MacNoEditorTargetPlatform
[2017.06.05-18.38.07:623][  0]LogTemp:Display: Loaded TP MacServerTargetPlatform
[2017.06.05-18.38.07:690][  0]LogTemp:Display: Loaded TP MacTargetPlatform
[2017.06.05-18.38.07:763][  0]LogTemp:Display: Loaded TP WindowsClientTargetPlatform
[2017.06.05-18.38.07:872][  0]LogTemp:Display: Loaded TP WindowsNoEditorTargetPlatform
[2017.06.05-18.38.07:953][  0]LogTemp:Display: Loaded TP WindowsServerTargetPlatform
[2017.06.05-18.38.08:031][  0]LogTemp:Display: Loaded TP WindowsTargetPlatform
[2017.06.05-18.38.08:144][  0]LogTemp:Display: Loaded TP AndroidTargetPlatform
[2017.06.05-18.38.08:220][  0]LogTemp:Display: Loaded TP Android_ASTCTargetPlatform
[2017.06.05-18.38.08:289][  0]LogTemp:Display: Loaded TP Android_ATCTargetPlatform
[2017.06.05-18.38.08:362][  0]LogTemp:Display: Loaded TP Android_DXTTargetPlatform
[2017.06.05-18.38.08:436][  0]LogTemp:Display: Loaded TP Android_ETC1TargetPlatform
[2017.06.05-18.38.08:499][  0]LogTemp:Display: Loaded TP Android_ETC2TargetPlatform
[2017.06.05-18.38.08:623][  0]LogTemp:Display: Loaded TP Android_MultiTargetPlatform
[2017.06.05-18.38.08:623][  0]LogTemp:Display: Loaded TP Android_PVRTCTargetPlatform
[2017.06.05-18.38.08:672][  0]LogTemp:Display: Loaded TP HTML5TargetPlatform
[2017.06.05-18.38.08:778][  0]LogTemp:Display: Loaded TP IOSTargetPlatform
[2017.06.05-18.38.08:812][  0]LogTemp:Display: Loaded TP TVOSTargetPlatform
[2017.06.05-18.38.08:872][  0]LogTemp:Display: Loaded TP LinuxClientTargetPlatform
[2017.06.05-18.38.08:930][  0]LogTemp:Display: Loaded TP LinuxNoEditorTargetPlatform
[2017.06.05-18.38.08:988][  0]LogTemp:Display: Loaded TP LinuxServerTargetPlatform
[2017.06.05-18.38.09:053][  0]LogTemp:Display: Loaded TP LinuxTargetPlatform
[2017.06.05-18.38.09:053][  0]LogTargetPlatformManager:Display: Building Assets For Windows
[2017.06.05-18.38.09:611][  0]LogDerivedDataCache:Display: Max Cache Size: 512 MB
[2017.06.05-18.38.09:746][  0]LogDerivedDataCache: Loaded boot cache 0.13s 90MB C:/Users/bilal/AppData/Local/UnrealEngine/4.16/DerivedDataCache/Boot.ddc.
[2017.06.05-18.38.09:746][  0]LogDerivedDataCache:Display: Loaded Boot cache: C:/Users/bilal/AppData/Local/UnrealEngine/4.16/DerivedDataCache/Boot.ddc
[2017.06.05-18.38.09:746][  0]LogDerivedDataCache: FDerivedDataBackendGraph:  Pak pak cache file ../../../../../../Users/bilal/Documents/Unreal Projects/The_Walking_Dead_Project/TheWalkingDeadPro/DerivedDataCache/DDC.ddp not found, will not use a pak cache.
[2017.06.05-18.38.09:746][  0]LogDerivedDataCache: Unable to find inner node Pak for hierarchical cache Hierarchy.
[2017.06.05-18.38.09:746][  0]LogDerivedDataCache: FDerivedDataBackendGraph:  CompressedPak pak cache file ../../../../../../Users/bilal/Documents/Unreal Projects/The_Walking_Dead_Project/TheWalkingDeadPro/DerivedDataCache/Compressed.ddp not found, will not use a pak cache.
[2017.06.05-18.38.09:746][  0]LogDerivedDataCache: Unable to find inner node CompressedPak for hierarchical cache Hierarchy.
[2017.06.05-18.38.09:765][  0]LogDerivedDataCache:Display: Pak cache opened for reading ../../../Engine/DerivedDataCache/Compressed.ddp.
[2017.06.05-18.38.09:779][  0]LogDerivedDataCache: Using Local data cache path C:/Users/bilal/AppData/Local/UnrealEngine/Common/DerivedDataCache: Writable
[2017.06.05-18.38.09:795][  0]LogMaterial: Verifying Global Shaders for PCD3D_SM5
[2017.06.05-18.38.09:795][  0]LogSlate: Using Freetype 2.6.0
[2017.06.05-18.38.09:796][  0]LogSlate: SlateFontCache - WITH_FREETYPE: 1, WITH_HARFBUZZ: 1
[2017.06.05-18.38.09:796][  0]LogSlate: SlateFontCache - WITH_FREETYPE: 1, WITH_HARFBUZZ: 1
[2017.06.05-18.38.10:285][  0]LogInit: Selected Device Profile: [Windows]
[2017.06.05-18.38.10:415][  0]LogContentStreaming: Texture pool size is 0.00 MB
[2017.06.05-18.38.10:683][  0]LogMeshUtilities: Using QuadricMeshReduction for automatic static mesh reduction
[2017.06.05-18.38.10:750][  0]LogSimplygon: Simplygon DLL not present - disabling.
[2017.06.05-18.38.10:816][  0]LogMeshUtilities: Using SimplygonSwarm for distributed automatic mesh merging
[2017.06.05-18.38.10:816][  0]LogMeshUtilities: No automatic skeletal mesh reduction module available
[2017.06.05-18.38.10:816][  0]LogMeshUtilities: No automatic mesh merging module available
[2017.06.05-18.38.11:630][  0]LogNetVersion: TheWalkingDeadPro , NetCL: 3452394, EngineNetVer: 2, GameNetVer: 0 (Checksum: 493952694)
[2017.06.05-18.38.11:741][  0]LogAssetRegistry: FAssetRegistry took 0.0295 seconds to start up
[2017.06.05-18.38.11:900][  0]LogPackageLocalizationCache: Processed 4 localized package path(s) for 2 prioritized culture(s) in 0.122490 seconds
[2017.06.05-18.38.11:909][  0]LogUObjectArray: 34194 objects as part of root set at end of initial load.
[2017.06.05-18.38.11:909][  0]LogUObjectAllocator: 7260416 out of 0 bytes used by permanent object pool.
[2017.06.05-18.38.11:909][  0]LogUObjectArray: CloseDisregardForGC: 0/0 objects in disregard for GC pool
[2017.06.05-18.38.11:982][  0]LogInit: WinSock: version 1.1 (2.2), MaxSocks=32767, MaxUdp=65467
[2017.06.05-18.38.16:680][  0]LogTcpMessaging: Initializing TcpMessaging bridge
[2017.06.05-18.38.16:724][  0]LogUdpMessaging: Initializing bridge on interface 0.0.0.0:0 to multicast group 230.0.0.1:6666.
[2017.06.05-18.38.17:580][  0]LogMaterial: Uniform references updated for custom material expression Custom.
[2017.06.05-18.38.18:357][  0]SourceControl: Info Source control is disabled
[2017.06.05-18.38.18:470][  0]SourceControl: Info Source control is disabled
[2017.06.05-18.38.18:591][  0]SourceControl: Info Source control is disabled
[2017.06.05-18.38.18:676][  0]SourceControl: Info Source control is disabled
[2017.06.05-18.38.19:973][  0]LogAndroidPermission: UAndroidPermissionCallbackProxy::GetInstance
[2017.06.05-18.38.21:154][  0]LogEngine: Initializing Engine...
[2017.06.05-18.38.21:156][  0]LogHMD: Failed to initialize OpenVR with code 110
[2017.06.05-18.38.21:489][  0]LogStats: UGameplayTagsManager::ConstructGameplayTagTree: Construct from data asset -  0.000 s
[2017.06.05-18.38.21:489][  0]LogStats: UGameplayTagsManager::ConstructGameplayTagTree: GameplayTagTreeChangedEvent.Broadcast -  0.000 s
[2017.06.05-18.38.21:680][  0]LogAIModule: Creating AISystem for world Untitled
[2017.06.05-18.38.21:692][  0]LogInit: XAudio2 using 'Lautsprecher (Sound Blaster Recon3Di)' : 2 channels at 48 kHz using 32 bits per sample (channel mask 0x3)
[2017.06.05-18.38.21:711][  0]LogInit: FAudioDevice initialized.
[2017.06.05-18.38.21:766][  0]LogDerivedDataCache: Saved boot cache 0.05s 90MB C:/Users/bilal/AppData/Local/UnrealEngine/4.16/DerivedDataCache/Boot.ddc.
[2017.06.05-18.38.21:780][  0]LogInit: Texture streaming: Enabled
[2017.06.05-18.38.21:899][  0]LogEngineSessionManager: EngineSessionManager initialized
[2017.06.05-18.38.22:213][  0]LogInit: Transaction tracking system initialized
[2017.06.05-18.38.22:656][  0]BlueprintLog: New page: Editor Load
[2017.06.05-18.38.23:885][  0]LocalizationService: Info Localization service is disabled
[2017.06.05-18.38.24:968][  0]LogConsoleResponse:Display: 
[2017.06.05-18.38.25:161][  0]LogCook:Display: Max memory allowance for cook 16384mb min free memory 0mb
[2017.06.05-18.38.25:161][  0]LogCook:Display: Mobile HDR setting 1
[2017.06.05-18.38.26:115][  0]LogFileCache: Scanning file cache for directory 'C:/Users/bilal/Documents/Unreal Projects/The_Walking_Dead_Project/TheWalkingDeadPro/Content/' took 0.03s
[2017.06.05-18.38.26:621][  0]SourceControl: Info Source control is disabled
[2017.06.05-18.38.26:622][  0]LogEditorServer:Warning: Can't find file '../../../../../../Users/bilal/Documents/Unreal Projects/The_Walking_Dead_Project/TheWalkingDeadPro/Content/FirstPersonBP/Maps/FirstPersonExampleMap.umap'
[2017.06.05-18.38.26:622][  0]Cmd: MAP CHECKDEP NOCLEARLOG
[2017.06.05-18.38.26:714][  0]MapCheck: Info Map check complete: 0 Error(s), 0 Warning(s), took 91.871ms to complete.
[2017.06.05-18.38.26:714][  0]LogFileHelpers: Loading map 'FirstPersonExampleMap' took 0.092
[2017.06.05-18.38.26:899][  0]LogCollectionManager: Loaded 0 collections in 0.001128 seconds
[2017.06.05-18.38.26:994][  0]LogFileCache: Scanning file cache for directory 'C:/Users/bilal/Documents/Unreal Projects/The_Walking_Dead_Project/TheWalkingDeadPro/Saved/Collections/' took 0.01s
[2017.06.05-18.38.26:994][  0]LogFileCache: Scanning file cache for directory 'C:/Users/bilal/Documents/Unreal Projects/The_Walking_Dead_Project/TheWalkingDeadPro/Content/Developers/bilal/Collections/' took 0.01s
[2017.06.05-18.38.26:994][  0]LogFileCache: Scanning file cache for directory 'C:/Users/bilal/Documents/Unreal Projects/The_Walking_Dead_Project/TheWalkingDeadPro/Content/Collections/' took 0.01s
[2017.06.05-18.38.26:994][  0]LogCollectionManager: Rebuilt the GUID cache for 0 collections in 0.000002 seconds
[2017.06.05-18.38.27:006][  0]LogContentBrowser: Native class hierarchy populated in 0.0123 seconds. Added 2329 classes and 491 folders.
[2017.06.05-18.38.27:105][  0]LogContentBrowser: Native class hierarchy updated for 'WidgetCarousel' in 0.0006 seconds. Added 0 classes and 0 folders.
[2017.06.05-18.38.27:685][  0]LogContentBrowser: Native class hierarchy updated for 'AddContentDialog' in 0.0007 seconds. Added 0 classes and 0 folders.
[2017.06.05-18.38.27:748][  0]LogContentBrowser: Native class hierarchy updated for 'SceneOutliner' in 0.0007 seconds. Added 1 classes and 2 folders.
[2017.06.05-18.38.27:843][  0]LogCrashTracker: Crashtracker disabled due to settings.
[2017.06.05-18.38.27:849][  0]LogSlate: Took 0.000415 seconds to synchronously load lazily loaded font '../../../Engine/Content/Slate/Fonts/Roboto-Regular.ttf' (155K)
[2017.06.05-18.38.27:854][  0]LogSlate: Took 0.000440 seconds to synchronously load lazily loaded font '../../../Engine/Content/Slate/Fonts/Roboto-Bold.ttf' (160K)
[2017.06.05-18.38.27:873][  0]LogSlate: Took 0.014921 seconds to synchronously load lazily loaded font '../../../Engine/Content/Editor/Slate/Fonts/FontAwesome.ttf' (139K)
[2017.06.05-18.38.28:106][  0]LogRenderer: Reallocating scene render targets to support 1028x556 NumSamples 1 (Frame:1).
[2017.06.05-18.38.28:271][  0]LogUObjectGlobals:Warning: Failed to find object 'Class None.'
[2017.06.05-18.38.28:376][  0]LogContentBrowser: Native class hierarchy updated for 'HierarchicalLODOutliner' in 0.0009 seconds. Added 1 classes and 2 folders.
[2017.06.05-18.38.28:377][  0]LogLoad: (Engine Initialization) Total time: 28.45 seconds
[2017.06.05-18.38.28:377][  0]LogLoad: (Engine Initialization) Total Blueprint compile time: 0.07 seconds
[2017.06.05-18.38.28:377][  0]LogExternalProfiler: Found external profiler: VSPerf
[2017.06.05-18.38.28:377][  0]LogExternalProfiler: Using external profiler: VSPerf
[2017.06.05-18.38.28:716][  0]LogOcInput: OculusInput pre-init called
[2017.06.05-18.38.28:716][  0]LogHMD: Starting GearVRController plugin
[2017.06.05-18.38.28:736][  0]LogContentStreaming: Texture pool size now 1000 MB
[2017.06.05-18.38.29:066][  1]LogAssetRegistry: Asset discovery search completed in 17.3482 seconds
[2017.06.05-18.38.29:068][  1]LogCollectionManager: Rebuilt the object cache for 0 collections in 0.000003 seconds (found 0 objects)
[2017.06.05-18.38.29:068][  1]LogCollectionManager: Fixed up redirectors for 0 collections in 0.000022 seconds (updated 0 objects)
[2017.06.05-18.39.51:442][541]LogSlate: Only BGRA pngs, bmps or icos are supported in by External Image Picker
[2017.06.05-18.39.51:527][543]LogTemp: Executing iPhonePackager certificates Engine -bundlename com.YourCompany.TheWalkingDeadPro
[2017.06.05-18.39.51:527][543]LogTemp: CWD: C:\Program Files (x86)\Epic Games\UE_4.16\Engine\Binaries\DotNET\IOS
[2017.06.05-18.39.51:527][543]LogTemp: Initial Dir: C:\Program Files (x86)\Epic Games\UE_4.16
[2017.06.05-18.39.51:527][543]LogTemp: Env CWD: C:\Program Files (x86)\Epic Games\UE_4.16\Engine\Binaries\DotNET\IOS
[2017.06.05-18.39.51:532][543]LogTemp: BranchPath = ALIENWARE/C/Program Files (x86)/Epic Games/UE_4.16/Engine/Binaries --- GameBranchPath = ALIENWARE/C/Program Files (x86)/Epic Games/UE_4.16/Engine/Binaries
[2017.06.05-18.39.51:550][543]LogTemp: IPP ERROR: Could not find provision directory 'C:\Users\bilal\AppData\Local/Apple Computer/MobileDevice/Provisioning Profiles/'.
[2017.06.05-18.40.10:779][643]LogSlate: Took 0.013895 seconds to synchronously load lazily loaded font '../../../Engine/Content/Slate/Fonts/Roboto-Light.ttf' (159K)
[2017.06.05-18.40.46:510][796]LogSlate: Took 0.000250 seconds to synchronously load lazily loaded font '../../../Engine/Content/Slate/Fonts/Roboto-Light.ttf' (159K)
[2017.06.05-18.41.15:078][441]LogSlate: Took 0.000252 seconds to synchronously load lazily loaded font '../../../Engine/Content/Slate/Fonts/Roboto-Regular.ttf' (155K)
[2017.06.05-18.41.16:101][441]LogAIModule: Creating AISystem for world TheIslandLevel
[2017.06.05-18.41.16:138][441]Cmd: MAP LOAD FILE="../../../../../../Users/bilal/Documents/Unreal Projects/The_Walking_Dead_Project/TheWalkingDeadPro/Content/Maps/TheIslandLevel.umap" TEMPLATE=0 SHOWPROGRESS=1 FEATURELEVEL=3
[2017.06.05-18.41.16:138][441]LightingResults: New page: Lighting Build
[2017.06.05-18.41.16:187][441]LogContentBrowser: Native class hierarchy updated for 'StatsViewer' in 0.0007 seconds. Added 5 classes and 0 folders.
[2017.06.05-18.41.16:188][441]LoadErrors: New page: Loading map: TheIslandLevel.umap
[2017.06.05-18.41.16:188][441]MapCheck: New page: Map Check
[2017.06.05-18.41.16:188][441]LightingResults: New page: Lighting Build
[2017.06.05-18.41.17:099][441]LogPhysics:Warning: PopulatePhysXGeometryAndTransform(Convex): ConvexElem has invalid transform
[2017.06.05-18.41.17:099][441]LogPhysics:Warning: ForeachShape(Convex): [/Game/Assest/TropicalIsland/Meshes/SM_RockFormationD.SM_RockFormationD] ScaledElem[0] invalid
[2017.06.05-18.41.17:099][441]LogPhysics:Warning: PopulatePhysXGeometryAndTransform(Convex): ConvexElem has invalid transform
[2017.06.05-18.41.17:099][441]LogPhysics:Warning: ForeachShape(Convex): [/Game/Assest/TropicalIsland/Meshes/SM_RockFormationD.SM_RockFormationD] ScaledElem[1] invalid
[2017.06.05-18.41.17:099][441]LogPhysics:Warning: PopulatePhysXGeometryAndTransform(Convex): ConvexElem has invalid transform
[2017.06.05-18.41.17:099][441]LogPhysics:Warning: ForeachShape(Convex): [/Game/Assest/TropicalIsland/Meshes/SM_RockFormationD.SM_RockFormationD] ScaledElem[2] invalid
[2017.06.05-18.41.17:099][441]LogPhysics:Warning: PopulatePhysXGeometryAndTransform(Convex): ConvexElem has invalid transform
[2017.06.05-18.41.17:099][441]LogPhysics:Warning: ForeachShape(Convex): [/Game/Assest/TropicalIsland/Meshes/SM_RockFormationD.SM_RockFormationD] ScaledElem[3] invalid
[2017.06.05-18.41.17:099][441]LogPhysics:Warning: PopulatePhysXGeometryAndTransform(Convex): ConvexElem has invalid transform
[2017.06.05-18.41.17:099][441]LogPhysics:Warning: ForeachShape(Convex): [/Game/Assest/TropicalIsland/Meshes/SM_RockFormationD.SM_RockFormationD] ScaledElem[4] invalid
[2017.06.05-18.41.17:099][441]LogPhysics:Warning: PopulatePhysXGeometryAndTransform(Convex): ConvexElem has invalid transform
[2017.06.05-18.41.17:099][441]LogPhysics:Warning: ForeachShape(Convex): [/Game/Assest/TropicalIsland/Meshes/SM_RockFormationD.SM_RockFormationD] ScaledElem[5] invalid
[2017.06.05-18.41.17:099][441]LogPhysics:Warning: PopulatePhysXGeometryAndTransform(Convex): ConvexElem has invalid transform
[2017.06.05-18.41.17:099][441]LogPhysics:Warning: ForeachShape(Convex): [/Game/Assest/TropicalIsland/Meshes/SM_RockFormationD.SM_RockFormationD] ScaledElem[0] invalid
[2017.06.05-18.41.17:099][441]LogPhysics:Warning: PopulatePhysXGeometryAndTransform(Convex): ConvexElem has invalid transform
[2017.06.05-18.41.17:099][441]LogPhysics:Warning: ForeachShape(Convex): [/Game/Assest/TropicalIsland/Meshes/SM_RockFormationD.SM_RockFormationD] ScaledElem[1] invalid
[2017.06.05-18.41.17:099][441]LogPhysics:Warning: PopulatePhysXGeometryAndTransform(Convex): ConvexElem has invalid transform
[2017.06.05-18.41.17:099][441]LogPhysics:Warning: ForeachShape(Convex): [/Game/Assest/TropicalIsland/Meshes/SM_RockFormationD.SM_RockFormationD] ScaledElem[2] invalid
[2017.06.05-18.41.17:099][441]LogPhysics:Warning: PopulatePhysXGeometryAndTransform(Convex): ConvexElem has invalid transform
[2017.06.05-18.41.17:099][441]LogPhysics:Warning: ForeachShape(Convex): [/Game/Assest/TropicalIsland/Meshes/SM_RockFormationD.SM_RockFormationD] ScaledElem[3] invalid
[2017.06.05-18.41.17:099][441]LogPhysics:Warning: PopulatePhysXGeometryAndTransform(Convex): ConvexElem has invalid transform
[2017.06.05-18.41.17:099][441]LogPhysics:Warning: ForeachShape(Convex): [/Game/Assest/TropicalIsland/Meshes/SM_RockFormationD.SM_RockFormationD] ScaledElem[4] invalid
[2017.06.05-18.41.17:099][441]LogPhysics:Warning: PopulatePhysXGeometryAndTransform(Convex): ConvexElem has invalid transform
[2017.06.05-18.41.17:099][441]LogPhysics:Warning: ForeachShape(Convex): [/Game/Assest/TropicalIsland/Meshes/SM_RockFormationD.SM_RockFormationD] ScaledElem[5] invalid
[2017.06.05-18.41.17:099][441]LogPhysics:Warning: PopulatePhysXGeometryAndTransform(Convex): ConvexElem has invalid transform
[2017.06.05-18.41.17:099][441]LogPhysics:Warning: ForeachShape(Convex): [/Game/Assest/TropicalIsland/Meshes/SM_RockFormationD.SM_RockFormationD] ScaledElem[0] invalid
[2017.06.05-18.41.17:099][441]LogPhysics:Warning: PopulatePhysXGeometryAndTransform(Convex): ConvexElem has invalid transform
[2017.06.05-18.41.17:099][441]LogPhysics:Warning: ForeachShape(Convex): [/Game/Assest/TropicalIsland/Meshes/SM_RockFormationD.SM_RockFormationD] ScaledElem[1] invalid
[2017.06.05-18.41.17:099][441]LogPhysics:Warning: PopulatePhysXGeometryAndTransform(Convex): ConvexElem has invalid transform
[2017.06.05-18.41.17:099][441]LogPhysics:Warning: ForeachShape(Convex): [/Game/Assest/TropicalIsland/Meshes/SM_RockFormationD.SM_RockFormationD] ScaledElem[2] invalid
[2017.06.05-18.41.17:099][441]LogPhysics:Warning: PopulatePhysXGeometryAndTransform(Convex): ConvexElem has invalid transform
[2017.06.05-18.41.17:099][441]LogPhysics:Warning: ForeachShape(Convex): [/Game/Assest/TropicalIsland/Meshes/SM_RockFormationD.SM_RockFormationD] ScaledElem[3] invalid
[2017.06.05-18.41.17:099][441]LogPhysics:Warning: PopulatePhysXGeometryAndTransform(Convex): ConvexElem has invalid transform
[2017.06.05-18.41.17:099][441]LogPhysics:Warning: ForeachShape(Convex): [/Game/Assest/TropicalIsland/Meshes/SM_RockFormationD.SM_RockFormationD] ScaledElem[4] invalid
[2017.06.05-18.41.17:099][441]LogPhysics:Warning: PopulatePhysXGeometryAndTransform(Convex): ConvexElem has invalid transform
[2017.06.05-18.41.17:099][441]LogPhysics:Warning: ForeachShape(Convex): [/Game/Assest/TropicalIsland/Meshes/SM_RockFormationD.SM_RockFormationD] ScaledElem[5] invalid
[2017.06.05-18.41.17:179][441]LogEditorServer: Finished looking for orphan Actors (0.000 secs)
[2017.06.05-18.41.17:206][441]Cmd: MAP CHECKDEP NOCLEARLOG
[2017.06.05-18.41.17:325][441]MapCheck: Info Map check complete: 0 Error(s), 0 Warning(s), took 118.942ms to complete.
[2017.06.05-18.41.17:329][441]LogFileHelpers: Loading map 'TheIslandLevel' took 1.192
[2017.06.05-18.42.37:424][358]LogTexture:Display: Building textures: Texture2D_2 (G8, 128X128)
[2017.06.05-18.43.09:291][849]LogEditorViewport: Clicking Background
[2017.06.05-18.43.37:302][ 77]LogEditorViewport: Clicking on Actor (double click): LandscapeGizmoActiveActor (LandscapeGizmoActiveActor1)
[2017.06.05-18.43.38:483][135]LogEditorViewport: Clicking on Actor (double click): LandscapeGizmoActiveActor (LandscapeGizmoActiveActor1)
[2017.06.05-18.43.43:770][431]LogEditorViewport: Clicking on Actor (double click): Landscape (Landscape3)
[2017.06.05-18.43.48:456][633]LogEditorViewport: Clicking on Actor (double click): LandscapeGizmoActiveActor (LandscapeGizmoActiveActor1)
[2017.06.05-18.43.57:787][ 73]LogEditorViewport: Clicking on Actor (double click): Landscape (Landscape3)
[2017.06.05-18.44.12:634][765]LogSlate: Took 0.010867 seconds to synchronously load lazily loaded font '../../../Engine/Content/Editor/Slate/Fonts/Roboto-Italic.ttf' (157K)
[2017.06.05-18.45.24:803][328]Cmd: TRANSACTION UNDO
[2017.06.05-18.45.24:803][328]LogEditorTransaction: Undo Rotate Actors
[2017.06.05-18.45.25:670][378]Cmd: TRANSACTION UNDO
[2017.06.05-18.45.25:670][378]LogEditorTransaction: Undo Rotate Actors
[2017.06.05-18.45.26:220][411]Cmd: TRANSACTION UNDO
[2017.06.05-18.45.26:220][411]LogEditorTransaction: Undo Rotate Actors
[2017.06.05-18.46.00:471][388]LogSlate: Took 0.008379 seconds to synchronously load lazily loaded font '../../../Engine/Content/Editor/Slate/Fonts/Roboto-BoldCondensed.ttf' (158K)
[2017.06.05-18.46.16:430][188]LogEditorViewport: Clicking on Actor (LMB): BP_Sky_Sphere_C (Sky Sphere)
[2017.06.05-18.46.28:462][842]LogEditorViewport: Clicking on Actor (context menu): BP_Sky_Sphere_C (Sky Sphere)
[2017.06.05-18.47.38:633][689]LogEditorViewport: Clicking on Actor (double click): LandscapeGizmoActiveActor (LandscapeGizmoActiveActor1)
[2017.06.05-18.47.41:742][844]LogEditorViewport: Clicking on Actor (double click): LandscapeGizmoActiveActor (LandscapeGizmoActiveActor1)
[2017.06.05-18.49.59:655][634]LogEditorViewport: Clicking on Actor (double click): BP_Sky_Sphere_C (Sky Sphere)
[2017.06.05-18.50.13:078][289]LogEditorViewport: Clicking on Actor (double click): Landscape (Landscape3)
[2017.06.05-18.50.18:412][540]LogEditorViewport: Clicking on Actor (double click): Landscape (Landscape3)
[2017.06.05-18.50.41:374][478]LogEditorViewport: Clicking on Actor (double click): StaticMeshActor (SM_CliffA)
[2017.06.05-18.50.45:961][753]Cmd: TRANSACTION UNDO
[2017.06.05-18.50.45:961][753]LogEditorTransaction: Undo Landscape Editing: Noise
[2017.06.05-18.50.45:971][753]LogTexture:Display: Building textures: Texture2D_52 (BGRA8, 64X64)
[2017.06.05-18.50.53:480][201]LogEditorViewport: Clicking on Actor (LMB): StaticMeshActor (SM_CliffA)
[2017.06.05-18.51.31:569][453]LogSlate:Warning: Prevented a slow task dialog from being summoned while a context menu was open
[2017.06.05-18.51.39:781][453]LogSlate: Took 0.000324 seconds to synchronously load lazily loaded font '../../../Engine/Content/Slate/Fonts/Roboto-Light.ttf' (159K)
[2017.06.05-18.53.03:183][628]LogTexture:Display: Building textures: Texture2D_10 (BGRA8, 64X64)
[2017.06.05-18.53.03:183][628]LogTexture:Display: Building textures: Texture2D_60 (BGRA8, 64X64)
[2017.06.05-18.53.03:184][628]LogTexture:Display: Building textures: Texture2D_98 (BGRA8, 64X64)
[2017.06.05-18.53.03:184][628]LogTexture:Display: Building textures: Texture2D_123 (BGRA8, 64X64)
[2017.06.05-18.53.03:185][628]LogTexture:Display: Building textures: Texture2D_61 (BGRA8, 64X64)
[2017.06.05-18.53.03:185][628]LogTexture:Display: Building textures: Texture2D_124 (BGRA8, 64X64)
[2017.06.05-18.53.03:186][628]LogTexture:Display: Building textures: Texture2D_62 (BGRA8, 64X64)
[2017.06.05-18.53.03:187][628]LogTexture:Display: Building textures: Texture2D_33 (BGRA8, 64X64)
[2017.06.05-18.53.03:188][628]LogTexture:Display: Building textures: Texture2D_121 (BGRA8, 64X64)
[2017.06.05-18.53.03:189][628]LogTexture:Display: Building textures: Texture2D_53 (BGRA8, 64X64)
[2017.06.05-18.53.03:190][628]LogTexture:Display: Building textures: Texture2D_12 (BGRA8, 64X64)
[2017.06.05-18.53.03:190][628]LogTexture:Display: Building textures: Texture2D_122 (BGRA8, 64X64)
[2017.06.05-18.53.03:191][628]LogTexture:Display: Building textures: Texture2D_54 (BGRA8, 64X64)
[2017.06.05-18.53.03:192][628]LogTexture:Display: Building textures: Texture2D_55 (BGRA8, 64X64)
[2017.06.05-18.53.03:192][628]LogTexture:Display: Building textures: Texture2D_95 (BGRA8, 64X64)
[2017.06.05-18.53.03:193][628]LogTexture:Display: Building textures: Texture2D_117 (BGRA8, 64X64)
[2017.06.05-18.53.03:194][628]LogTexture:Display: Building textures: Texture2D_45 (BGRA8, 64X64)
[2017.06.05-18.53.03:194][628]LogTexture:Display: Building textures: Texture2D_14 (BGRA8, 64X64)
[2017.06.05-18.53.03:195][628]LogTexture:Display: Building textures: Texture2D_118 (BGRA8, 64X64)
[2017.06.05-18.53.03:196][628]LogTexture:Display: Building textures: Texture2D_46 (BGRA8, 64X64)
[2017.06.05-18.53.03:196][628]LogTexture:Display: Building textures: Texture2D_47 (BGRA8, 64X64)
[2017.06.05-18.53.03:197][628]LogTexture:Display: Building textures: Texture2D_48 (BGRA8, 64X64)
[2017.06.05-18.53.03:198][628]LogTexture:Display: Building textures: Texture2D_96 (BGRA8, 64X64)
[2017.06.05-18.53.03:199][628]LogTexture:Display: Building textures: Texture2D_119 (BGRA8, 64X64)
[2017.06.05-18.53.03:200][628]LogTexture:Display: Building textures: Texture2D_26 (BGRA8, 64X64)
[2017.06.05-18.53.03:200][628]LogTexture:Display: Building textures: Texture2D_16 (BGRA8, 64X64)
[2017.06.05-18.53.03:201][628]LogTexture:Display: Building textures: Texture2D_120 (BGRA8, 64X64)
[2017.06.05-18.53.03:202][628]LogTexture:Display: Building textures: Texture2D_28 (BGRA8, 64X64)
[2017.06.05-18.53.03:202][628]LogTexture:Display: Building textures: Texture2D_116 (BGRA8, 64X64)
[2017.06.05-18.53.03:203][628]LogTexture:Display: Building textures: Texture2D_39 (BGRA8, 64X64)
[2017.06.05-18.53.03:203][628]LogTexture:Display: Building textures: Texture2D_40 (BGRA8, 64X64)
[2017.06.05-18.53.03:204][628]LogTexture:Display: Building textures: Texture2D_18 (BGRA8, 64X64)
[2017.06.05-18.53.03:205][628]LogTexture:Display: Building textures: Texture2D_2 (BGRA8, 64X64)
[2017.06.05-18.53.03:205][628]LogTexture:Display: Building textures: Texture2D_32 (BGRA8, 64X64)
[2017.06.05-18.53.03:206][628]LogTexture:Display: Building textures: Texture2D_20 (BGRA8, 64X64)
[2017.06.05-18.53.03:557][628]LogSavePackage: Save=414.49ms
[2017.06.05-18.53.03:557][628]LogSavePackage: Moving '../../../../../../Users/bilal/Documents/Unreal Projects/The_Walking_Dead_Project/TheWalkingDeadPro/Saved/TheIslandLevel_Auto187524CB948B10D830DEB9D96C35D125A.tmp' to '../../../../../../Users/bilal/Documents/Unreal Projects/The_Walking_Dead_Project/TheWalkingDeadPro/Saved/Autosaves/Game/Maps/TheIslandLevel_Auto1.umap'
[2017.06.05-18.53.03:560][628]LogSavePackage:Display: Finished SavePackage ../../../../../../Users/bilal/Documents/Unreal Projects/The_Walking_Dead_Project/TheWalkingDeadPro/Saved/Autosaves/Game/Maps/TheIslandLevel_Auto1.umap
[2017.06.05-18.53.03:563][628]LogFileHelpers: Editor autosave (incl. sublevels) for '/Game/Maps/TheIslandLevel' took 0.462
[2017.06.05-18.53.03:563][628]LogFileHelpers: Editor autosave (incl. sublevels) for all levels took 0.462
[2017.06.05-18.53.35:328][506]LogContentBrowser: Native class hierarchy updated for 'TextureEditor' in 0.0006 seconds. Added 1 classes and 2 folders.
[2017.06.05-18.55.56:274][941]LogEditorViewport: Clicking on Actor (LMB): BP_Sky_Sphere_C (Sky Sphere)
[2017.06.05-18.56.01:445][249]LogTemp: Repeting last play command: Selected Viewport
[2017.06.05-18.56.01:523][249]LogPlayLevel: PlayLevel: No blueprints needed recompiling
[2017.06.05-18.56.01:523][249]PIE: New page: PIE session: TheIslandLevel (Jun 5, 2017, 10:56:01 PM)
[2017.06.05-18.56.01:523][249]LogPlayLevel: Creating play world package: /Game/Maps/UEDPIE_0_TheIslandLevel
[2017.06.05-18.56.01:542][249]LogPlayLevel: PIE: StaticDuplicateObject took: (0.018569s)
[2017.06.05-18.56.01:543][249]LogAIModule: Creating AISystem for world TheIslandLevel
[2017.06.05-18.56.01:543][249]LogPlayLevel: PIE: World Init took: (0.001016s)
[2017.06.05-18.56.01:543][249]LogPlayLevel: PIE: Created PIE world by copying editor world from /Game/Maps/TheIslandLevel.TheIslandLevel to /Game/Maps/UEDPIE_0_TheIslandLevel.TheIslandLevel (0.019871s)
[2017.06.05-18.56.01:559][249]LogInit: XAudio2 using 'Lautsprecher (Sound Blaster Recon3Di)' : 2 channels at 48 kHz using 32 bits per sample (channel mask 0x3)
[2017.06.05-18.56.01:568][249]LogInit: FAudioDevice initialized.
[2017.06.05-18.56.01:614][249]LogLoad: Game class is 'FirstPersonGameMode_C'
[2017.06.05-18.56.01:621][249]LogPhysics:Warning: PopulatePhysXGeometryAndTransform(Convex): ConvexElem has invalid transform
[2017.06.05-18.56.01:621][249]LogPhysics:Warning: ForeachShape(Convex): [/Game/Assest/TropicalIsland/Meshes/SM_RockFormationD.SM_RockFormationD] ScaledElem[0] invalid
[2017.06.05-18.56.01:621][249]LogPhysics:Warning: PopulatePhysXGeometryAndTransform(Convex): ConvexElem has invalid transform
[2017.06.05-18.56.01:621][249]LogPhysics:Warning: ForeachShape(Convex): [/Game/Assest/TropicalIsland/Meshes/SM_RockFormationD.SM_RockFormationD] ScaledElem[1] invalid
[2017.06.05-18.56.01:621][249]LogPhysics:Warning: PopulatePhysXGeometryAndTransform(Convex): ConvexElem has invalid transform
[2017.06.05-18.56.01:621][249]LogPhysics:Warning: ForeachShape(Convex): [/Game/Assest/TropicalIsland/Meshes/SM_RockFormationD.SM_RockFormationD] ScaledElem[2] invalid
[2017.06.05-18.56.01:621][249]LogPhysics:Warning: PopulatePhysXGeometryAndTransform(Convex): ConvexElem has invalid transform
[2017.06.05-18.56.01:621][249]LogPhysics:Warning: ForeachShape(Convex): [/Game/Assest/TropicalIsland/Meshes/SM_RockFormationD.SM_RockFormationD] ScaledElem[3] invalid
[2017.06.05-18.56.01:621][249]LogPhysics:Warning: PopulatePhysXGeometryAndTransform(Convex): ConvexElem has invalid transform
[2017.06.05-18.56.01:621][249]LogPhysics:Warning: ForeachShape(Convex): [/Game/Assest/TropicalIsland/Meshes/SM_RockFormationD.SM_RockFormationD] ScaledElem[4] invalid
[2017.06.05-18.56.01:621][249]LogPhysics:Warning: PopulatePhysXGeometryAndTransform(Convex): ConvexElem has invalid transform
[2017.06.05-18.56.01:621][249]LogPhysics:Warning: ForeachShape(Convex): [/Game/Assest/TropicalIsland/Meshes/SM_RockFormationD.SM_RockFormationD] ScaledElem[5] invalid
[2017.06.05-18.56.01:621][249]LogPhysics:Warning: PopulatePhysXGeometryAndTransform(Convex): ConvexElem has invalid transform
[2017.06.05-18.56.01:621][249]LogPhysics:Warning: ForeachShape(Convex): [/Game/Assest/TropicalIsland/Meshes/SM_RockFormationD.SM_RockFormationD] ScaledElem[0] invalid
[2017.06.05-18.56.01:621][249]LogPhysics:Warning: PopulatePhysXGeometryAndTransform(Convex): ConvexElem has invalid transform
[2017.06.05-18.56.01:621][249]LogPhysics:Warning: ForeachShape(Convex): [/Game/Assest/TropicalIsland/Meshes/SM_RockFormationD.SM_RockFormationD] ScaledElem[1] invalid
[2017.06.05-18.56.01:621][249]LogPhysics:Warning: PopulatePhysXGeometryAndTransform(Convex): ConvexElem has invalid transform
[2017.06.05-18.56.01:621][249]LogPhysics:Warning: ForeachShape(Convex): [/Game/Assest/TropicalIsland/Meshes/SM_RockFormationD.SM_RockFormationD] ScaledElem[2] invalid
[2017.06.05-18.56.01:621][249]LogPhysics:Warning: PopulatePhysXGeometryAndTransform(Convex): ConvexElem has invalid transform
[2017.06.05-18.56.01:621][249]LogPhysics:Warning: ForeachShape(Convex): [/Game/Assest/TropicalIsland/Meshes/SM_RockFormationD.SM_RockFormationD] ScaledElem[3] invalid
[2017.06.05-18.56.01:621][249]LogPhysics:Warning: PopulatePhysXGeometryAndTransform(Convex): ConvexElem has invalid transform
[2017.06.05-18.56.01:621][249]LogPhysics:Warning: ForeachShape(Convex): [/Game/Assest/TropicalIsland/Meshes/SM_RockFormationD.SM_RockFormationD] ScaledElem[4] invalid
[2017.06.05-18.56.01:621][249]LogPhysics:Warning: PopulatePhysXGeometryAndTransform(Convex): ConvexElem has invalid transform
[2017.06.05-18.56.01:621][249]LogPhysics:Warning: ForeachShape(Convex): [/Game/Assest/TropicalIsland/Meshes/SM_RockFormationD.SM_RockFormationD] ScaledElem[5] invalid
[2017.06.05-18.56.01:621][249]LogPhysics:Warning: PopulatePhysXGeometryAndTransform(Convex): ConvexElem has invalid transform
[2017.06.05-18.56.01:621][249]LogPhysics:Warning: ForeachShape(Convex): [/Game/Assest/TropicalIsland/Meshes/SM_RockFormationD.SM_RockFormationD] ScaledElem[0] invalid
[2017.06.05-18.56.01:621][249]LogPhysics:Warning: PopulatePhysXGeometryAndTransform(Convex): ConvexElem has invalid transform
[2017.06.05-18.56.01:621][249]LogPhysics:Warning: ForeachShape(Convex): [/Game/Assest/TropicalIsland/Meshes/SM_RockFormationD.SM_RockFormationD] ScaledElem[1] invalid
[2017.06.05-18.56.01:621][249]LogPhysics:Warning: PopulatePhysXGeometryAndTransform(Convex): ConvexElem has invalid transform
[2017.06.05-18.56.01:621][249]LogPhysics:Warning: ForeachShape(Convex): [/Game/Assest/TropicalIsland/Meshes/SM_RockFormationD.SM_RockFormationD] ScaledElem[2] invalid
[2017.06.05-18.56.01:621][249]LogPhysics:Warning: PopulatePhysXGeometryAndTransform(Convex): ConvexElem has invalid transform
[2017.06.05-18.56.01:621][249]LogPhysics:Warning: ForeachShape(Convex): [/Game/Assest/TropicalIsland/Meshes/SM_RockFormationD.SM_RockFormationD] ScaledElem[3] invalid
[2017.06.05-18.56.01:621][249]LogPhysics:Warning: PopulatePhysXGeometryAndTransform(Convex): ConvexElem has invalid transform
[2017.06.05-18.56.01:621][249]LogPhysics:Warning: ForeachShape(Convex): [/Game/Assest/TropicalIsland/Meshes/SM_RockFormationD.SM_RockFormationD] ScaledElem[4] invalid
[2017.06.05-18.56.01:621][249]LogPhysics:Warning: PopulatePhysXGeometryAndTransform(Convex): ConvexElem has invalid transform
[2017.06.05-18.56.01:621][249]LogPhysics:Warning: ForeachShape(Convex): [/Game/Assest/TropicalIsland/Meshes/SM_RockFormationD.SM_RockFormationD] ScaledElem[5] invalid
[2017.06.05-18.56.01:621][249]LogWorld: Bringing World /Game/Maps/UEDPIE_0_TheIslandLevel.TheIslandLevel up for play (max tick rate 60) at 2017.06.05-20.56.01
[2017.06.05-18.56.01:622][249]LogWorld: Bringing up level for play took: 0.004216
[2017.06.05-18.56.01:675][249]LogContentBrowser: Native class hierarchy updated for 'MovieSceneCapture' in 0.0007 seconds. Added 11 classes and 0 folders.
[2017.06.05-18.56.01:677][249]PIE: Info Play in editor start time for /Game/Maps/UEDPIE_0_TheIslandLevel 0.646
[2017.06.05-18.59.01:650][  6]LogContentBrowser: Native class hierarchy updated for 'BlueprintGraph' in 0.0010 seconds. Added 112 classes and 0 folders.
[2017.06.05-18.59.27:543][472]LogRenderer: Reallocating scene render targets to support 1028x728 NumSamples 1 (Frame:1).
[2017.06.05-19.00.25:294][660]LogContentBrowser: Native class hierarchy updated for 'SkeletonEditor' in 0.0007 seconds. Added 1 classes and 2 folders.
[2017.06.05-19.00.25:309][660]LogActorComponent: RegisterComponentWithWorld: (/Engine/Transient.World_10:PersistentLevel.Actor_0.DebugSkelMeshComponent_0) Already registered. Aborting.
[2017.06.05-19.00.25:361][660]LogSkeletalMesh: USkeletalMeshComponent::InitArticulated : Bodies already created (/Engine/Transient.World_10:PersistentLevel.Actor_0.DebugSkelMeshComponent_0) - call TermArticulated first.
[2017.06.05-19.00.25:645][660]LogContentBrowser: Native class hierarchy updated for 'ClothingSystemEditorInterface' in 0.0006 seconds. Added 1 classes and 0 folders.
[2017.06.05-19.00.32:645][ 40]LogActorComponent: RegisterComponentWithWorld: (/Engine/Transient.World_11:PersistentLevel.Actor_1.DebugSkelMeshComponent_1) Already registered. Aborting.
[2017.06.05-19.00.32:675][ 40]LogSkeletalMesh: USkeletalMeshComponent::InitArticulated : Bodies already created (/Engine/Transient.World_11:PersistentLevel.Actor_1.DebugSkelMeshComponent_1) - call TermArticulated first.
[2017.06.05-19.00.32:961][ 40]LogContentBrowser:Verbose: The majority of assets in the view are of type: AnimSequence
[2017.06.05-19.01.22:256][925]LogContentBrowser: Native class hierarchy updated for 'Cascade' in 0.0008 seconds. Added 2 classes and 2 folders.
[2017.06.05-19.01.26:478][139]LogRenderer: Reallocating scene render targets to support 1076x728 NumSamples 1 (Frame:1555).
[2017.06.05-20.34.00:636][450]LogCascade: Quitting Cascade. FXSystem=0x000002E33D8B58A0
[2017.06.05-20.34.00:753][450]LogCascade: Quitting Cascade. FXSystem=0x000002E33D5BD580
[2017.06.05-20.34.00:765][450]LogActorComponent: UnregisterComponent: (/Engine/Transient.FloorComponent) Not registered. Aborting.
